[debug] [2025-04-23T04:57:14.495Z] ----------------------------------------------------------------------
[debug] [2025-04-23T04:57:14.497Z] Command:       /usr/local/bin/firebase /Users/adhnan/.cache/firebase/tools/lib/node_modules/firebase-tools/lib/bin/firebase hosting:channel:deploy preview_name
[debug] [2025-04-23T04:57:14.497Z] CLI Version:   13.31.1
[debug] [2025-04-23T04:57:14.497Z] Platform:      darwin
[debug] [2025-04-23T04:57:14.498Z] Node Version:  v18.5.0
[debug] [2025-04-23T04:57:14.505Z] Time:          Wed Apr 23 2025 10:27:14 GMT+0530 (India Standard Time)
[debug] [2025-04-23T04:57:14.505Z] ----------------------------------------------------------------------
[debug] 
[debug] [2025-04-23T04:57:14.784Z] > command requires scopes: ["email","openid","https://www.googleapis.com/auth/cloudplatformprojects.readonly","https://www.googleapis.com/auth/firebase","https://www.googleapis.com/auth/cloud-platform"]
[debug] [2025-04-23T04:57:14.785Z] > authorizing via signed-in user (adhnan.e@equipohealth.com)
[debug] [2025-04-23T04:57:14.786Z] [iam] checking project admin-equipo for permissions ["firebase.projects.get","firebasehosting.sites.update"]
[debug] [2025-04-23T04:57:14.788Z] Checked if tokens are valid: false, expires at: 1745329451415
[debug] [2025-04-23T04:57:14.789Z] Checked if tokens are valid: false, expires at: 1745329451415
[debug] [2025-04-23T04:57:14.790Z] > refreshing access token with scopes: []
[debug] [2025-04-23T04:57:14.792Z] >>> [apiv2][query] POST https://www.googleapis.com/oauth2/v3/token [none]
[debug] [2025-04-23T04:57:14.794Z] >>> [apiv2][body] POST https://www.googleapis.com/oauth2/v3/token [omitted]
[debug] [2025-04-23T04:57:15.274Z] <<< [apiv2][status] POST https://www.googleapis.com/oauth2/v3/token 400
[debug] [2025-04-23T04:57:15.278Z] <<< [apiv2][body] POST https://www.googleapis.com/oauth2/v3/token [omitted]
[error] Authentication Error: Your credentials are no longer valid. Please run firebase login --reauth

For CI servers and headless environments, generate a new token with firebase login:ci
[error] Authentication Error: Your credentials are no longer valid. Please run firebase login --reauth

For CI servers and headless environments, generate a new token with firebase login:ci
[debug] [2025-04-23T04:57:15.286Z] [iam] error while checking permissions, command may fail: Authentication Error: Your credentials are no longer valid. Please run firebase login --reauth

For CI servers and headless environments, generate a new token with firebase login:ci
[debug] [2025-04-23T04:57:15.287Z] Checked if tokens are valid: false, expires at: 1745329451415
[debug] [2025-04-23T04:57:15.287Z] Checked if tokens are valid: false, expires at: 1745329451415
[debug] [2025-04-23T04:57:15.287Z] > refreshing access token with scopes: []
[debug] [2025-04-23T04:57:15.293Z] >>> [apiv2][query] POST https://www.googleapis.com/oauth2/v3/token [none]
[debug] [2025-04-23T04:57:15.293Z] >>> [apiv2][body] POST https://www.googleapis.com/oauth2/v3/token [omitted]
[debug] [2025-04-23T04:57:15.715Z] <<< [apiv2][status] POST https://www.googleapis.com/oauth2/v3/token 400
[debug] [2025-04-23T04:57:15.715Z] <<< [apiv2][body] POST https://www.googleapis.com/oauth2/v3/token [omitted]
[error] Authentication Error: Your credentials are no longer valid. Please run firebase login --reauth

For CI servers and headless environments, generate a new token with firebase login:ci
[error] Authentication Error: Your credentials are no longer valid. Please run firebase login --reauth

For CI servers and headless environments, generate a new token with firebase login:ci
[debug] [2025-04-23T04:57:15.716Z] Authentication Error: Your credentials are no longer valid. Please run firebase login --reauth

For CI servers and headless environments, generate a new token with firebase login:ci
[debug] [2025-04-23T04:57:16.090Z] FirebaseError: Authentication Error: Your credentials are no longer valid. Please run firebase login --reauth

For CI servers and headless environments, generate a new token with firebase login:ci
    at invalidCredentialError (/Users/adhnan/.cache/firebase/tools/lib/node_modules/firebase-tools/lib/auth.js:147:12)
    at refreshTokens (/Users/adhnan/.cache/firebase/tools/lib/node_modules/firebase-tools/lib/auth.js:539:15)
    at process.processTicksAndRejections (node:internal/process/task_queues:95:5)
    at async getAccessToken (/Users/adhnan/.cache/firebase/tools/lib/node_modules/firebase-tools/lib/apiv2.js:42:18)
    at async Client.addAuthHeader (/Users/adhnan/.cache/firebase/tools/lib/node_modules/firebase-tools/lib/apiv2.js:169:21)
    at async Client.request (/Users/adhnan/.cache/firebase/tools/lib/node_modules/firebase-tools/lib/apiv2.js:120:34)
    at async getFirebaseProject (/Users/adhnan/.cache/firebase/tools/lib/node_modules/firebase-tools/lib/management/projects.js:322:21)
    at async getDefaultHostingSite (/Users/adhnan/.cache/firebase/tools/lib/node_modules/firebase-tools/lib/getDefaultHostingSite.js:14:21)
    at async Object.requireHostingSite [as fn] (/Users/adhnan/.cache/firebase/tools/lib/node_modules/firebase-tools/lib/requireHostingSite.js:9:18)
    at async /Users/adhnan/.cache/firebase/tools/lib/node_modules/firebase-tools/lib/command.js:241:17
[error] 
[error] Error: Failed to get Firebase project admin-equipo. Please make sure the project exists and your account has permission to access it.
